11:36:36 [MainThread]: trying to login using selenium (iters: 0)
11:37:16 [MainThread]: trying to login using selenium (iters: 0)
11:38:14 [MainThread]: trying to login using selenium (iters: 0)
11:38:21 [MainThread]: Mirando precios en el COTO
11:38:56 [MainThread]: trying to login using selenium (iters: 0)
11:39:03 [MainThread]: Mirando precios en el COTO
11:40:15 [MainThread]: trying to login using selenium (iters: 0)
11:40:22 [MainThread]: Mirando precios en el COTO
11:40:47 [MainThread]: trying to login using selenium (iters: 0)
11:40:55 [MainThread]: Mirando precios en el COTO
11:43:10 [MainThread]: trying to login using selenium (iters: 0)
11:43:17 [MainThread]: Mirando precios en el COTO
11:43:28 [MainThread]: trying to login using selenium (iters: 0)
11:43:35 [MainThread]: Mirando precios en el COTO
11:44:52 [MainThread]: trying to login using selenium (iters: 0)
11:44:59 [MainThread]: Mirando precios en el COTO
11:46:37 [MainThread]: trying to login using selenium (iters: 0)
11:46:43 [MainThread]: Mirando precios en el COTO
11:47:36 [MainThread]: trying to login using selenium (iters: 0)
11:47:44 [MainThread]: Mirando precios en el COTO
11:48:16 [MainThread]: trying to login using selenium (iters: 0)
11:48:26 [MainThread]: Mirando precios en el COTO
11:51:46 [MainThread]: trying to login using selenium (iters: 0)
11:51:54 [MainThread]: Mirando precios en el COTO
11:55:10 [MainThread]: trying to login using selenium (iters: 0)
11:55:18 [MainThread]: Mirando precios en el COTO
11:56:05 [MainThread]: trying to login using selenium (iters: 0)
11:56:11 [MainThread]: Mirando precios en el COTO
11:57:04 [MainThread]: trying to login using selenium (iters: 0)
11:57:12 [MainThread]: Mirando precios en el COTO
11:59:07 [MainThread]: trying to login using selenium (iters: 0)
11:59:14 [MainThread]: Mirando precios en el COTO
12:00:53 [MainThread]: trying to login using selenium (iters: 0)
12:01:01 [MainThread]: Mirando precios en el COTO
12:02:02 [MainThread]: trying to login using selenium (iters: 0)
12:02:08 [MainThread]: Mirando precios en el COTO
12:05:27 [MainThread]: trying to login using selenium (iters: 0)
12:05:34 [MainThread]: Mirando precios en el COTO
12:17:32 [MainThread]: trying to login using selenium (iters: 0)
12:17:40 [MainThread]: Mirando precios en el COTO
12:19:59 [MainThread]: trying to login using selenium (iters: 0)
12:20:08 [MainThread]: Mirando precios en el COTO
12:21:49 [MainThread]: trying to login using selenium (iters: 0)
12:21:57 [MainThread]: Mirando precios en el COTO
12:22:53 [MainThread]: trying to login using selenium (iters: 0)
12:23:00 [MainThread]: Mirando precios en el COTO
12:23:23 [MainThread]: trying to login using selenium (iters: 0)
12:23:30 [MainThread]: Mirando precios en el COTO
12:25:11 [MainThread]: trying to login using selenium (iters: 0)
12:25:20 [MainThread]: Mirando precios en el COTO
12:26:53 [MainThread]: trying to login using selenium (iters: 0)
12:27:01 [MainThread]: Mirando precios en el COTO
12:31:06 [MainThread]: trying to login using selenium (iters: 0)
12:31:13 [MainThread]: Mirando precios en el COTO
12:32:27 [MainThread]: trying to login using selenium (iters: 0)
12:32:36 [MainThread]: Mirando precios en el COTO
12:33:00 [MainThread]: trying to login using selenium (iters: 0)
12:33:08 [MainThread]: Mirando precios en el COTO
12:34:03 [MainThread]: trying to login using selenium (iters: 0)
12:34:09 [MainThread]: Mirando precios en el COTO
12:35:21 [MainThread]: trying to login using selenium (iters: 0)
12:35:29 [MainThread]: Mirando precios en el COTO
12:35:56 [MainThread]: trying to login using selenium (iters: 0)
12:36:03 [MainThread]: Mirando precios en el COTO
12:36:59 [MainThread]: trying to login using selenium (iters: 0)
12:37:06 [MainThread]: Mirando precios en el COTO
12:37:33 [MainThread]: trying to login using selenium (iters: 0)
12:37:40 [MainThread]: Mirando precios en el COTO
12:38:06 [MainThread]: trying to login using selenium (iters: 0)
12:38:13 [MainThread]: Mirando precios en el COTO
12:48:53 [MainThread]: trying to login using selenium (iters: 0)
12:48:59 [MainThread]: Mirando precios en el COTO
12:49:24 [MainThread]: trying to login using selenium (iters: 0)
12:49:33 [MainThread]: Mirando precios en el COTO
12:50:05 [MainThread]: trying to login using selenium (iters: 0)
12:50:14 [MainThread]: Mirando precios en el COTO
12:50:54 [MainThread]: trying to login using selenium (iters: 0)
12:51:01 [MainThread]: Mirando precios en el COTO
12:51:04 [MainThread]: El precio de la yerba es: 
12:51:04 [MainThread]: El precio de la yerba es: 
12:51:04 [MainThread]: El precio de la yerba es: 
12:51:04 [MainThread]: El precio de la yerba es: $1.358,29
12:51:04 [MainThread]: El precio de la yerba es: 
12:51:04 [MainThread]: El precio de la yerba es: 
12:51:04 [MainThread]: El precio de la yerba es: 
12:52:33 [MainThread]: --------------------------------------------------------
12:52:41 [MainThread]: Mirando precios en el COTO
12:52:44 [MainThread]: El precio de la yerba es: 
12:52:44 [MainThread]: El precio de la yerba es: 
12:52:44 [MainThread]: El precio de la yerba es: 
12:52:44 [MainThread]: El precio de la yerba es: $1.358,29
12:52:44 [MainThread]: El precio de la yerba es: 
12:52:44 [MainThread]: El precio de la yerba es: 
12:52:44 [MainThread]: El precio de la yerba es: 
12:53:56 [MainThread]: --------------------------------------------------------
12:54:03 [MainThread]: Mirando precios en el COTO
12:54:27 [MainThread]: --------------------------------------------------------
12:54:34 [MainThread]: Mirando precios en el COTO
12:54:36 [MainThread]: El precio de la yerba es: $1.358,29
12:54:36 [MainThread]: El precio de la yerba es: $721,05
12:55:28 [MainThread]: --------------------------------------------------------
12:55:36 [MainThread]: Mirando precios en el COTO
12:55:39 [MainThread]: El precio de la yerba es: $1.358,29
12:56:39 [MainThread]: --------------------------------------------------------
12:56:46 [MainThread]: Mirando precios en el COTO
12:56:49 [MainThread]: El precio de yerba canarias es: $1.358,29
12:57:07 [MainThread]: --------------------------------------------------------
12:57:14 [MainThread]: Mirando precios en el COTO
12:59:40 [MainThread]: --------------------------------------------------------
12:59:47 [MainThread]: Mirando precios en el COTO
12:59:49 [MainThread]: El precio de yerba canarias es: $1.358,29
